# JRE version: OpenJDK Runtime Environment Temurin-17.0.8.1+1 (17.0.8.1+1) (build 17.0.8.1+1)
# Java VM: OpenJDK 64-Bit Server VM Temurin-17.0.8.1+1 (17.0.8.1+1, mixed mode, tiered, compressed oops, compressed class ptrs, g1 gc, windows-amd64)
GC Precious Log:
 CPUs: 16 total, 16 available
 Memory: 16010M
 Large Page Support: Disabled
 NUMA Support: Disabled
 Compressed Oops: Enabled (Zero based)
 Heap Region Size: 2M
 Heap Min Capacity: 8M
 Heap Initial Capacity: 252M
 Heap Max Capacity: 4004M
 Pre-touch: Disabled
 Parallel Workers: 13
 Concurrent Workers: 3
 Concurrent Refinement Workers: 13
 Periodic GC: Disabled
Heap:
 garbage-first heap   total 880640K, used 428091K [0x0000000705c00000, 0x0000000800000000)
  region size 2048K, 89 young (182272K), 0 survivors (0K)
 Metaspace       used 94447K, committed 96576K, reserved 1179648K
  class space    used 10351K, committed 11264K, reserved 1048576K
GC Heap History (20 events):
Event: 2711.443 GC heap before
{Heap before GC invocations=195 (full 0):
 garbage-first heap   total 905216K, used 791926K [0x0000000705c00000, 0x0000000800000000)
  region size 2048K, 239 young (489472K), 2 survivors (4096K)
 Metaspace       used 95466K, committed 97088K, reserved 1179648K
  class space    used 10452K, committed 11200K, reserved 1048576K
}
Event: 2711.449 GC heap after
{Heap after GC invocations=196 (full 0):
 garbage-first heap   total 905216K, used 306540K [0x0000000705c00000, 0x0000000800000000)
  region size 2048K, 2 young (4096K), 2 survivors (4096K)
 Metaspace       used 95466K, committed 97088K, reserved 1179648K
  class space    used 10452K, committed 11200K, reserved 1048576K
}
Event: 2711.892 GC heap before
{Heap before GC invocations=196 (full 0):
 garbage-first heap   total 905216K, used 793964K [0x0000000705c00000, 0x0000000800000000)
  region size 2048K, 240 young (491520K), 2 survivors (4096K)
 Metaspace       used 95469K, committed 97088K, reserved 1179648K
  class space    used 10452K, committed 11200K, reserved 1048576K
}
Event: 2711.895 GC heap after
{Heap after GC invocations=197 (full 0):
 garbage-first heap   total 905216K, used 306260K [0x0000000705c00000, 0x0000000800000000)
  region size 2048K, 2 young (4096K), 2 survivors (4096K)
 Metaspace       used 95469K, committed 97088K, reserved 1179648K
  class space    used 10452K, committed 11200K, reserved 1048576K
}
Event: 2712.339 GC heap before
{Heap before GC invocations=197 (full 0):
 garbage-first heap   total 905216K, used 795732K [0x0000000705c00000, 0x0000000800000000)
  region size 2048K, 241 young (493568K), 2 survivors (4096K)
 Metaspace       used 95470K, committed 97088K, reserved 1179648K
  class space    used 10452K, committed 11200K, reserved 1048576K
}
Event: 2712.343 GC heap after
{Heap after GC invocations=198 (full 0):
 garbage-first heap   total 905216K, used 306289K [0x0000000705c00000, 0x0000000800000000)
  region size 2048K, 2 young (4096K), 2 survivors (4096K)
 Metaspace       used 95470K, committed 97088K, reserved 1179648K
  class space    used 10452K, committed 11200K, reserved 1048576K
}
Event: 2712.777 GC heap before
{Heap before GC invocations=198 (full 0):
 garbage-first heap   total 905216K, used 799857K [0x0000000705c00000, 0x0000000800000000)
  region size 2048K, 243 young (497664K), 2 survivors (4096K)
 Metaspace       used 95475K, committed 97088K, reserved 1179648K
  class space    used 10452K, committed 11200K, reserved 1048576K
}
Event: 2712.782 GC heap after
{Heap after GC invocations=199 (full 0):
 garbage-first heap   total 905216K, used 306503K [0x0000000705c00000, 0x0000000800000000)
  region size 2048K, 2 young (4096K), 2 survivors (4096K)
 Metaspace       used 95475K, committed 97088K, reserved 1179648K
  class space    used 10452K, committed 11200K, reserved 1048576K
}
Event: 2713.218 GC heap before
{Heap before GC invocations=199 (full 0):
 garbage-first heap   total 905216K, used 800071K [0x0000000705c00000, 0x0000000800000000)
  region size 2048K, 243 young (497664K), 2 survivors (4096K)
 Metaspace       used 95536K, committed 97152K, reserved 1179648K
  class space    used 10452K, committed 11200K, reserved 1048576K
}
Event: 2713.221 GC heap after
{Heap after GC invocations=200 (full 0):
 garbage-first heap   total 905216K, used 306464K [0x0000000705c00000, 0x0000000800000000)
  region size 2048K, 2 young (4096K), 2 survivors (4096K)
 Metaspace       used 95536K, committed 97152K, reserved 1179648K
  class space    used 10452K, committed 11200K, reserved 1048576K
}
Event: 2713.648 GC heap before
{Heap before GC invocations=200 (full 0):
 garbage-first heap   total 905216K, used 802080K [0x0000000705c00000, 0x0000000800000000)
  region size 2048K, 244 young (499712K), 2 survivors (4096K)
 Metaspace       used 95539K, committed 97152K, reserved 1179648K
  class space    used 10452K, committed 11200K, reserved 1048576K
}
Event: 2713.653 GC heap after
{Heap after GC invocations=201 (full 0):
 garbage-first heap   total 905216K, used 306473K [0x0000000705c00000, 0x0000000800000000)
  region size 2048K, 2 young (4096K), 2 survivors (4096K)
 Metaspace       used 95539K, committed 97152K, reserved 1179648K
  class space    used 10452K, committed 11200K, reserved 1048576K
}
Event: 2714.085 GC heap before
{Heap before GC invocations=201 (full 0):
 garbage-first heap   total 905216K, used 802089K [0x0000000705c00000, 0x0000000800000000)
  region size 2048K, 244 young (499712K), 2 survivors (4096K)
 Metaspace       used 95544K, committed 97152K, reserved 1179648K
  class space    used 10452K, committed 11200K, reserved 1048576K
}
Event: 2714.089 GC heap after
{Heap after GC invocations=202 (full 0):
 garbage-first heap   total 905216K, used 306359K [0x0000000705c00000, 0x0000000800000000)
  region size 2048K, 2 young (4096K), 2 survivors (4096K)
 Metaspace       used 95544K, committed 97152K, reserved 1179648K
  class space    used 10452K, committed 11200K, reserved 1048576K
}
Event: 2743.948 GC heap before
{Heap before GC invocations=202 (full 0):
 garbage-first heap   total 905216K, used 801975K [0x0000000705c00000, 0x0000000800000000)
  region size 2048K, 245 young (501760K), 2 survivors (4096K)
 Metaspace       used 96114K, committed 97792K, reserved 1179648K
  class space    used 10489K, committed 11264K, reserved 1048576K
}
Event: 2744.003 GC heap after
{Heap after GC invocations=203 (full 0):
 garbage-first heap   total 905216K, used 343660K [0x0000000705c00000, 0x0000000800000000)
  region size 2048K, 20 young (40960K), 20 survivors (40960K)
 Metaspace       used 96114K, committed 97792K, reserved 1179648K
  class space    used 10489K, committed 11264K, reserved 1048576K
}
Event: 2747.659 GC heap before
{Heap before GC invocations=203 (full 0):
 garbage-first heap   total 905216K, used 761452K [0x0000000705c00000, 0x0000000800000000)
  region size 2048K, 225 young (460800K), 20 survivors (40960K)
 Metaspace       used 96395K, committed 98048K, reserved 1179648K
  class space    used 10495K, committed 11264K, reserved 1048576K
}
Event: 2747.674 GC heap after
{Heap after GC invocations=204 (full 0):
 garbage-first heap   total 905216K, used 346752K [0x0000000705c00000, 0x0000000800000000)
  region size 2048K, 20 young (40960K), 20 survivors (40960K)
 Metaspace       used 96395K, committed 98048K, reserved 1179648K
  class space    used 10495K, committed 11264K, reserved 1048576K
}
Event: 3617.890 GC heap before
{Heap before GC invocations=204 (full 0):
 garbage-first heap   total 905216K, used 672384K [0x0000000705c00000, 0x0000000800000000)
  region size 2048K, 180 young (368640K), 20 survivors (40960K)
 Metaspace       used 96577K, committed 98176K, reserved 1179648K
  class space    used 10512K, committed 11264K, reserved 1048576K
}
Event: 3618.832 GC heap after
{Heap after GC invocations=205 (full 1):
 garbage-first heap   total 880640K, used 247867K [0x0000000705c00000, 0x0000000800000000)
  region size 2048K, 0 young (0K), 0 survivors (0K)
 Metaspace       used 94436K, committed 96576K, reserved 1179648K
  class space    used 10351K, committed 11264K, reserved 1048576K
}

